<?xml version="1.0" encoding="UTF-8"?>
<testng-results ignored="0" total="2" passed="2" failed="0" skipped="0">
  <reporter-output>
  </reporter-output>
  <suite started-at="2023-07-13T10:13:28 IST" name="Suite" finished-at="2023-07-13T10:13:34 IST" duration-ms="5646">
    <groups>
    </groups>
    <test started-at="2023-07-13T10:13:28 IST" name="Test" finished-at="2023-07-13T10:13:34 IST" duration-ms="5646">
      <class name="api.test.WeatherForcastValidation">
        <test-method is-config="true" signature="setUpData()[pri:0, instance:api.test.WeatherForcastValidation@506ae4d4]" started-at="2023-07-13T10:13:29 IST" name="setUpData" finished-at="2023-07-13T10:13:29 IST" duration-ms="21" status="PASS">
          <reporter-output>
          </reporter-output>
        </test-method> <!-- setUpData -->
        <test-method signature="getWeatherForcastResponse()[pri:1, instance:api.test.WeatherForcastValidation@506ae4d4]" started-at="2023-07-13T10:13:29 IST" name="getWeatherForcastResponse" finished-at="2023-07-13T10:13:34 IST" duration-ms="4694" status="PASS">
          <reporter-output>
          </reporter-output>
        </test-method> <!-- getWeatherForcastResponse -->
        <test-method signature="validateWeatherResponse()[pri:2, instance:api.test.WeatherForcastValidation@506ae4d4]" started-at="2023-07-13T10:13:34 IST" name="validateWeatherResponse" finished-at="2023-07-13T10:13:34 IST" duration-ms="126" status="PASS">
          <reporter-output>
          </reporter-output>
        </test-method> <!-- validateWeatherResponse -->
      </class> <!-- api.test.WeatherForcastValidation -->
    </test> <!-- Test -->
  </suite> <!-- Suite -->
</testng-results>
